<?xml version="1.0" encoding="UTF-8"?>
<coverage generated="1772328185525" clover="3.2.0">
  <project timestamp="1772328185525" name="All files">
    <metrics statements="159" coveredstatements="132" conditionals="94" coveredconditionals="59" methods="33" coveredmethods="30" elements="286" coveredelements="221" complexity="0" loc="159" ncloc="159" packages="1" files="3" classes="3"/>
    <file name="background.js" path="/Users/stephanvanwoezik/repository/trapadulli/storyLint/clients/chromeExtention/background.js">
      <metrics statements="1" coveredstatements="1" conditionals="0" coveredconditionals="0" methods="1" coveredmethods="1"/>
      <line num="1" count="2" type="stmt"/>
    </file>
    <file name="popup.js" path="/Users/stephanvanwoezik/repository/trapadulli/storyLint/clients/chromeExtention/popup.js">
      <metrics statements="124" coveredstatements="102" conditionals="68" coveredconditionals="43" methods="21" coveredmethods="19"/>
      <line num="2" count="7" type="cond" truecount="3" falsecount="1"/>
      <line num="3" count="7" type="stmt"/>
      <line num="14" count="7" type="stmt"/>
      <line num="15" count="7" type="stmt"/>
      <line num="17" count="7" type="stmt"/>
      <line num="18" count="7" type="stmt"/>
      <line num="19" count="7" type="stmt"/>
      <line num="20" count="7" type="stmt"/>
      <line num="21" count="7" type="stmt"/>
      <line num="22" count="7" type="stmt"/>
      <line num="23" count="7" type="stmt"/>
      <line num="26" count="4" type="stmt"/>
      <line num="27" count="4" type="cond" truecount="2" falsecount="0"/>
      <line num="28" count="4" type="stmt"/>
      <line num="32" count="10" type="cond" truecount="2" falsecount="0"/>
      <line num="33" count="6" type="stmt"/>
      <line num="34" count="6" type="stmt"/>
      <line num="35" count="6" type="stmt"/>
      <line num="36" count="6" type="stmt"/>
      <line num="38" count="4" type="stmt"/>
      <line num="39" count="4" type="stmt"/>
      <line num="40" count="4" type="stmt"/>
      <line num="44" count="7" type="stmt"/>
      <line num="53" count="7" type="stmt"/>
      <line num="54" count="7" type="stmt"/>
      <line num="61" count="3" type="stmt"/>
      <line num="62" count="3" type="stmt"/>
      <line num="67" count="7" type="cond" truecount="2" falsecount="0"/>
      <line num="68" count="7" type="stmt"/>
      <line num="69" count="7" type="stmt"/>
      <line num="70" count="7" type="stmt"/>
      <line num="74" count="19" type="stmt"/>
      <line num="80" count="19" type="stmt"/>
      <line num="81" count="19" type="stmt"/>
      <line num="87" count="7" type="stmt"/>
      <line num="88" count="7" type="stmt"/>
      <line num="89" count="7" type="cond" truecount="2" falsecount="0"/>
      <line num="90" count="2" type="stmt"/>
      <line num="93" count="5" type="stmt"/>
      <line num="94" count="5" type="cond" truecount="1" falsecount="1"/>
      <line num="95" count="5" type="stmt"/>
      <line num="98" count="5" type="cond" truecount="4" falsecount="0"/>
      <line num="99" count="2" type="stmt"/>
      <line num="101" count="3" type="stmt"/>
      <line num="104" count="5" type="cond" truecount="4" falsecount="0"/>
      <line num="105" count="2" type="stmt"/>
      <line num="107" count="3" type="stmt"/>
      <line num="110" count="0" type="stmt"/>
      <line num="111" count="0" type="stmt"/>
      <line num="116" count="1" type="stmt"/>
      <line num="117" count="1" type="stmt"/>
      <line num="118" count="1" type="stmt"/>
      <line num="119" count="1" type="stmt"/>
      <line num="120" count="1" type="stmt"/>
      <line num="121" count="1" type="stmt"/>
      <line num="122" count="1" type="stmt"/>
      <line num="124" count="1" type="stmt"/>
      <line num="125" count="1" type="stmt"/>
      <line num="131" count="3" type="cond" truecount="1" falsecount="1"/>
      <line num="132" count="0" type="stmt"/>
      <line num="135" count="3" type="stmt"/>
      <line num="146" count="1" type="stmt"/>
      <line num="151" count="1" type="stmt"/>
      <line num="157" count="1" type="stmt"/>
      <line num="165" count="1" type="cond" truecount="1" falsecount="1"/>
      <line num="166" count="0" type="stmt"/>
      <line num="169" count="1" type="stmt"/>
      <line num="171" count="1" type="stmt"/>
      <line num="184" count="0" type="cond" truecount="0" falsecount="2"/>
      <line num="185" count="0" type="cond" truecount="0" falsecount="2"/>
      <line num="186" count="0" type="cond" truecount="0" falsecount="2"/>
      <line num="187" count="0" type="stmt"/>
      <line num="191" count="1" type="cond" truecount="3" falsecount="1"/>
      <line num="192" count="1" type="stmt"/>
      <line num="193" count="1" type="cond" truecount="1" falsecount="1"/>
      <line num="197" count="1" type="cond" truecount="1" falsecount="1"/>
      <line num="198" count="1" type="stmt"/>
      <line num="202" count="0" type="cond" truecount="0" falsecount="2"/>
      <line num="203" count="0" type="cond" truecount="0" falsecount="2"/>
      <line num="204" count="0" type="cond" truecount="0" falsecount="2"/>
      <line num="206" count="0" type="cond" truecount="0" falsecount="2"/>
      <line num="207" count="0" type="stmt"/>
      <line num="210" count="0" type="stmt"/>
      <line num="212" count="0" type="stmt"/>
      <line num="216" count="3" type="stmt"/>
      <line num="217" count="3" type="cond" truecount="2" falsecount="0"/>
      <line num="218" count="1" type="stmt"/>
      <line num="219" count="1" type="stmt"/>
      <line num="222" count="2" type="stmt"/>
      <line num="224" count="2" type="stmt"/>
      <line num="225" count="2" type="stmt"/>
      <line num="227" count="2" type="stmt"/>
      <line num="228" count="2" type="stmt"/>
      <line num="239" count="2" type="cond" truecount="2" falsecount="0"/>
      <line num="240" count="1" type="stmt"/>
      <line num="243" count="1" type="stmt"/>
      <line num="244" count="1" type="stmt"/>
      <line num="245" count="1" type="stmt"/>
      <line num="247" count="1" type="cond" truecount="1" falsecount="1"/>
      <line num="249" count="2" type="stmt"/>
      <line num="254" count="1" type="stmt"/>
      <line num="255" count="1" type="cond" truecount="1" falsecount="1"/>
      <line num="256" count="0" type="stmt"/>
      <line num="259" count="1" type="stmt"/>
      <line num="260" count="1" type="cond" truecount="2" falsecount="2"/>
      <line num="261" count="0" type="stmt"/>
      <line num="262" count="0" type="stmt"/>
      <line num="264" count="0" type="stmt"/>
      <line num="269" count="0" type="stmt"/>
      <line num="271" count="1" type="stmt"/>
      <line num="274" count="1" type="stmt"/>
      <line num="275" count="1" type="stmt"/>
      <line num="276" count="0" type="stmt"/>
      <line num="279" count="0" type="stmt"/>
      <line num="283" count="7" type="stmt"/>
      <line num="284" count="2" type="stmt"/>
      <line num="285" count="2" type="stmt"/>
      <line num="288" count="7" type="stmt"/>
      <line num="289" count="7" type="stmt"/>
      <line num="290" count="7" type="stmt"/>
      <line num="292" count="7" type="stmt"/>
      <line num="293" count="7" type="stmt"/>
      <line num="294" count="7" type="stmt"/>
      <line num="295" count="7" type="stmt"/>
    </file>
    <file name="popupUtils.js" path="/Users/stephanvanwoezik/repository/trapadulli/storyLint/clients/chromeExtention/popupUtils.js">
      <metrics statements="34" coveredstatements="29" conditionals="26" coveredconditionals="16" methods="11" coveredmethods="10"/>
      <line num="4" count="3" type="stmt"/>
      <line num="13" count="2" type="stmt"/>
      <line num="14" count="2" type="stmt"/>
      <line num="21" count="0" type="stmt"/>
      <line num="22" count="0" type="stmt"/>
      <line num="27" count="1" type="cond" truecount="1" falsecount="1"/>
      <line num="28" count="0" type="stmt"/>
      <line num="30" count="1" type="stmt"/>
      <line num="41" count="5" type="stmt"/>
      <line num="46" count="7" type="stmt"/>
      <line num="52" count="5" type="stmt"/>
      <line num="60" count="4" type="cond" truecount="1" falsecount="1"/>
      <line num="61" count="0" type="stmt"/>
      <line num="63" count="4" type="stmt"/>
      <line num="64" count="4" type="stmt"/>
      <line num="75" count="4" type="stmt"/>
      <line num="76" count="4" type="stmt"/>
      <line num="80" count="4" type="cond" truecount="1" falsecount="1"/>
      <line num="81" count="4" type="cond" truecount="1" falsecount="1"/>
      <line num="82" count="4" type="cond" truecount="2" falsecount="0"/>
      <line num="83" count="4" type="stmt"/>
      <line num="87" count="4" type="cond" truecount="4" falsecount="0"/>
      <line num="88" count="1" type="stmt"/>
      <line num="89" count="1" type="cond" truecount="1" falsecount="1"/>
      <line num="92" count="1" type="cond" truecount="1" falsecount="1"/>
      <line num="93" count="1" type="stmt"/>
      <line num="96" count="3" type="cond" truecount="1" falsecount="1"/>
      <line num="97" count="3" type="cond" truecount="1" falsecount="1"/>
      <line num="98" count="3" type="cond" truecount="1" falsecount="1"/>
      <line num="99" count="3" type="cond" truecount="1" falsecount="1"/>
      <line num="100" count="0" type="stmt"/>
      <line num="102" count="3" type="stmt"/>
      <line num="103" count="3" type="stmt"/>
      <line num="106" count="1" type="stmt"/>
    </file>
  </project>
</coverage>
