{"/Users/stephanvanwoezik/repository/trapadulli/storyLint/clients/chromeExtention/background.js": {"path":"/Users/stephanvanwoezik/repository/trapadulli/storyLint/clients/chromeExtention/background.js","statementMap":{"0":{"start":{"line":1,"column":0},"end":{"line":2,"column":3}}},"fnMap":{"0":{"name":"(anonymous_0)","decl":{"start":{"line":1,"column":74},"end":{"line":1,"column":75}},"loc":{"start":{"line":1,"column":80},"end":{"line":2,"column":1}},"line":1}},"branchMap":{},"s":{"0":2},"f":{"0":1},"b":{},"_coverageSchema":"1a1c01bbd47fc00a2c39e90264f33305004495a9","hash":"f3a26c2c8273d710a522e90ad528616d7ea8ed6a"}
,"/Users/stephanvanwoezik/repository/trapadulli/storyLint/clients/chromeExtention/popup.js": {"path":"/Users/stephanvanwoezik/repository/trapadulli/storyLint/clients/chromeExtention/popup.js","statementMap":{"0":{"start":{"line":2,"column":0},"end":{"line":13,"column":1}},"1":{"start":{"line":3,"column":2},"end":{"line":12,"column":4}},"2":{"start":{"line":14,"column":20},"end":{"line":14,"column":51}},"3":{"start":{"line":15,"column":24},"end":{"line":15,"column":48}},"4":{"start":{"line":17,"column":18},"end":{"line":17,"column":54}},"5":{"start":{"line":18,"column":16},"end":{"line":18,"column":50}},"6":{"start":{"line":19,"column":16},"end":{"line":19,"column":50}},"7":{"start":{"line":20,"column":17},"end":{"line":20,"column":52}},"8":{"start":{"line":21,"column":15},"end":{"line":21,"column":48}},"9":{"start":{"line":22,"column":19},"end":{"line":22,"column":56}},"10":{"start":{"line":23,"column":17},"end":{"line":23,"column":52}},"11":{"start":{"line":26,"column":2},"end":{"line":26,"column":48}},"12":{"start":{"line":27,"column":2},"end":{"line":27,"column":58}},"13":{"start":{"line":28,"column":2},"end":{"line":28,"column":33}},"14":{"start":{"line":32,"column":2},"end":{"line":37,"column":3}},"15":{"start":{"line":33,"column":4},"end":{"line":33,"column":30}},"16":{"start":{"line":34,"column":4},"end":{"line":34,"column":37}},"17":{"start":{"line":35,"column":4},"end":{"line":35,"column":19}},"18":{"start":{"line":36,"column":4},"end":{"line":36,"column":11}},"19":{"start":{"line":38,"column":2},"end":{"line":38,"column":33}},"20":{"start":{"line":39,"column":2},"end":{"line":39,"column":38}},"21":{"start":{"line":40,"column":2},"end":{"line":40,"column":17}},"22":{"start":{"line":44,"column":2},"end":{"line":49,"column":28}},"23":{"start":{"line":53,"column":18},"end":{"line":53,"column":34}},"24":{"start":{"line":54,"column":2},"end":{"line":63,"column":7}},"25":{"start":{"line":61,"column":27},"end":{"line":61,"column":96}},"26":{"start":{"line":62,"column":6},"end":{"line":62,"column":70}},"27":{"start":{"line":67,"column":18},"end":{"line":67,"column":28}},"28":{"start":{"line":68,"column":2},"end":{"line":68,"column":51}},"29":{"start":{"line":69,"column":2},"end":{"line":69,"column":27}},"30":{"start":{"line":70,"column":2},"end":{"line":70,"column":17}},"31":{"start":{"line":74,"column":16},"end":{"line":78,"column":3}},"32":{"start":{"line":80,"column":2},"end":{"line":83,"column":3}},"33":{"start":{"line":81,"column":4},"end":{"line":81,"column":65}},"34":{"start":{"line":87,"column":2},"end":{"line":112,"column":3}},"35":{"start":{"line":88,"column":23},"end":{"line":88,"column":60}},"36":{"start":{"line":89,"column":4},"end":{"line":91,"column":5}},"37":{"start":{"line":90,"column":6},"end":{"line":90,"column":13}},"38":{"start":{"line":93,"column":18},"end":{"line":93,"column":40}},"39":{"start":{"line":94,"column":4},"end":{"line":96,"column":5}},"40":{"start":{"line":95,"column":6},"end":{"line":95,"column":36}},"41":{"start":{"line":98,"column":4},"end":{"line":102,"column":5}},"42":{"start":{"line":99,"column":6},"end":{"line":99,"column":30}},"43":{"start":{"line":101,"column":6},"end":{"line":101,"column":20}},"44":{"start":{"line":104,"column":4},"end":{"line":108,"column":5}},"45":{"start":{"line":105,"column":6},"end":{"line":105,"column":28}},"46":{"start":{"line":107,"column":6},"end":{"line":107,"column":19}},"47":{"start":{"line":110,"column":4},"end":{"line":110,"column":18}},"48":{"start":{"line":111,"column":4},"end":{"line":111,"column":17}},"49":{"start":{"line":116,"column":2},"end":{"line":116,"column":23}},"50":{"start":{"line":117,"column":2},"end":{"line":117,"column":16}},"51":{"start":{"line":118,"column":2},"end":{"line":118,"column":15}},"52":{"start":{"line":119,"column":2},"end":{"line":119,"column":26}},"53":{"start":{"line":120,"column":2},"end":{"line":120,"column":33}},"54":{"start":{"line":121,"column":2},"end":{"line":121,"column":29}},"55":{"start":{"line":122,"column":2},"end":{"line":122,"column":36}},"56":{"start":{"line":124,"column":2},"end":{"line":127,"column":3}},"57":{"start":{"line":125,"column":4},"end":{"line":125,"column":45}},"58":{"start":{"line":131,"column":2},"end":{"line":133,"column":3}},"59":{"start":{"line":132,"column":4},"end":{"line":132,"column":14}},"60":{"start":{"line":135,"column":2},"end":{"line":142,"column":12}},"61":{"start":{"line":146,"column":2},"end":{"line":153,"column":12}},"62":{"start":{"line":151,"column":19},"end":{"line":151,"column":44}},"63":{"start":{"line":157,"column":2},"end":{"line":161,"column":37}},"64":{"start":{"line":165,"column":2},"end":{"line":167,"column":3}},"65":{"start":{"line":166,"column":4},"end":{"line":166,"column":14}},"66":{"start":{"line":169,"column":18},"end":{"line":169,"column":68}},"67":{"start":{"line":171,"column":2},"end":{"line":180,"column":12}},"68":{"start":{"line":184,"column":15},"end":{"line":184,"column":39}},"69":{"start":{"line":185,"column":18},"end":{"line":185,"column":48}},"70":{"start":{"line":186,"column":19},"end":{"line":186,"column":64}},"71":{"start":{"line":187,"column":2},"end":{"line":187,"column":58}},"72":{"start":{"line":191,"column":2},"end":{"line":200,"column":3}},"73":{"start":{"line":192,"column":25},"end":{"line":195,"column":19}},"74":{"start":{"line":193,"column":21},"end":{"line":193,"column":56}},"75":{"start":{"line":197,"column":4},"end":{"line":199,"column":5}},"76":{"start":{"line":198,"column":6},"end":{"line":198,"column":26}},"77":{"start":{"line":202,"column":18},"end":{"line":202,"column":85}},"78":{"start":{"line":203,"column":16},"end":{"line":203,"column":88}},"79":{"start":{"line":204,"column":17},"end":{"line":204,"column":67}},"80":{"start":{"line":206,"column":2},"end":{"line":208,"column":3}},"81":{"start":{"line":207,"column":4},"end":{"line":207,"column":65}},"82":{"start":{"line":210,"column":21},"end":{"line":210,"column":55}},"83":{"start":{"line":212,"column":2},"end":{"line":212,"column":58}},"84":{"start":{"line":216,"column":15},"end":{"line":216,"column":45}},"85":{"start":{"line":217,"column":2},"end":{"line":220,"column":3}},"86":{"start":{"line":218,"column":4},"end":{"line":218,"column":55}},"87":{"start":{"line":219,"column":4},"end":{"line":219,"column":11}},"88":{"start":{"line":222,"column":2},"end":{"line":222,"column":25}},"89":{"start":{"line":224,"column":2},"end":{"line":224,"column":15}},"90":{"start":{"line":225,"column":2},"end":{"line":225,"column":19}},"91":{"start":{"line":227,"column":2},"end":{"line":250,"column":3}},"92":{"start":{"line":228,"column":21},"end":{"line":237,"column":6}},"93":{"start":{"line":239,"column":4},"end":{"line":241,"column":5}},"94":{"start":{"line":240,"column":6},"end":{"line":240,"column":61}},"95":{"start":{"line":243,"column":19},"end":{"line":243,"column":40}},"96":{"start":{"line":244,"column":21},"end":{"line":244,"column":43}},"97":{"start":{"line":245,"column":4},"end":{"line":245,"column":24}},"98":{"start":{"line":247,"column":4},"end":{"line":247,"column":60}},"99":{"start":{"line":249,"column":4},"end":{"line":249,"column":22}},"100":{"start":{"line":254,"column":15},"end":{"line":254,"column":37}},"101":{"start":{"line":255,"column":2},"end":{"line":257,"column":3}},"102":{"start":{"line":256,"column":4},"end":{"line":256,"column":11}},"103":{"start":{"line":259,"column":2},"end":{"line":280,"column":3}},"104":{"start":{"line":260,"column":4},"end":{"line":272,"column":5}},"105":{"start":{"line":261,"column":26},"end":{"line":261,"column":69}},"106":{"start":{"line":262,"column":27},"end":{"line":262,"column":119}},"107":{"start":{"line":264,"column":19},"end":{"line":267,"column":8}},"108":{"start":{"line":269,"column":6},"end":{"line":269,"column":46}},"109":{"start":{"line":271,"column":6},"end":{"line":271,"column":48}},"110":{"start":{"line":274,"column":4},"end":{"line":274,"column":35}},"111":{"start":{"line":275,"column":4},"end":{"line":277,"column":13}},"112":{"start":{"line":276,"column":6},"end":{"line":276,"column":40}},"113":{"start":{"line":279,"column":4},"end":{"line":279,"column":51}},"114":{"start":{"line":283,"column":0},"end":{"line":286,"column":3}},"115":{"start":{"line":284,"column":2},"end":{"line":284,"column":45}},"116":{"start":{"line":285,"column":2},"end":{"line":285,"column":17}},"117":{"start":{"line":288,"column":0},"end":{"line":288,"column":46}},"118":{"start":{"line":289,"column":0},"end":{"line":289,"column":46}},"119":{"start":{"line":290,"column":0},"end":{"line":290,"column":45}},"120":{"start":{"line":292,"column":0},"end":{"line":292,"column":15}},"121":{"start":{"line":293,"column":0},"end":{"line":293,"column":43}},"122":{"start":{"line":294,"column":0},"end":{"line":294,"column":31}},"123":{"start":{"line":295,"column":0},"end":{"line":295,"column":27}}},"fnMap":{"0":{"name":"setLoading","decl":{"start":{"line":25,"column":9},"end":{"line":25,"column":19}},"loc":{"start":{"line":25,"column":31},"end":{"line":29,"column":1}},"line":25},"1":{"name":"setError","decl":{"start":{"line":31,"column":9},"end":{"line":31,"column":17}},"loc":{"start":{"line":31,"column":27},"end":{"line":41,"column":1}},"line":31},"2":{"name":"escapeHtml","decl":{"start":{"line":43,"column":9},"end":{"line":43,"column":19}},"loc":{"start":{"line":43,"column":26},"end":{"line":50,"column":1}},"line":43},"3":{"name":"renderInlineBold","decl":{"start":{"line":52,"column":9},"end":{"line":52,"column":25}},"loc":{"start":{"line":52,"column":32},"end":{"line":64,"column":1}},"line":52},"4":{"name":"(anonymous_4)","decl":{"start":{"line":60,"column":48},"end":{"line":60,"column":49}},"loc":{"start":{"line":60,"column":87},"end":{"line":63,"column":5}},"line":60},"5":{"name":"setOutput","decl":{"start":{"line":66,"column":9},"end":{"line":66,"column":18}},"loc":{"start":{"line":66,"column":25},"end":{"line":71,"column":1}},"line":66},"6":{"name":"persistState","decl":{"start":{"line":73,"column":9},"end":{"line":73,"column":21}},"loc":{"start":{"line":73,"column":24},"end":{"line":84,"column":1}},"line":73},"7":{"name":"restoreState","decl":{"start":{"line":86,"column":9},"end":{"line":86,"column":21}},"loc":{"start":{"line":86,"column":24},"end":{"line":113,"column":1}},"line":86},"8":{"name":"clearAll","decl":{"start":{"line":115,"column":9},"end":{"line":115,"column":17}},"loc":{"start":{"line":115,"column":20},"end":{"line":128,"column":1}},"line":115},"9":{"name":"sanitizeInput","decl":{"start":{"line":130,"column":9},"end":{"line":130,"column":22}},"loc":{"start":{"line":130,"column":32},"end":{"line":143,"column":1}},"line":130},"10":{"name":"normalizeWhitespace","decl":{"start":{"line":145,"column":9},"end":{"line":145,"column":28}},"loc":{"start":{"line":145,"column":35},"end":{"line":154,"column":1}},"line":145},"11":{"name":"(anonymous_11)","decl":{"start":{"line":151,"column":9},"end":{"line":151,"column":10}},"loc":{"start":{"line":151,"column":19},"end":{"line":151,"column":44}},"line":151},"12":{"name":"stripFormattingChars","decl":{"start":{"line":156,"column":9},"end":{"line":156,"column":29}},"loc":{"start":{"line":156,"column":36},"end":{"line":162,"column":1}},"line":156},"13":{"name":"beautifyGwtText","decl":{"start":{"line":164,"column":9},"end":{"line":164,"column":24}},"loc":{"start":{"line":164,"column":34},"end":{"line":181,"column":1}},"line":164},"14":{"name":"formatIssue","decl":{"start":{"line":183,"column":9},"end":{"line":183,"column":20}},"loc":{"start":{"line":183,"column":35},"end":{"line":188,"column":1}},"line":183},"15":{"name":"formatResponse","decl":{"start":{"line":190,"column":9},"end":{"line":190,"column":23}},"loc":{"start":{"line":190,"column":32},"end":{"line":213,"column":1}},"line":190},"16":{"name":"(anonymous_16)","decl":{"start":{"line":193,"column":11},"end":{"line":193,"column":12}},"loc":{"start":{"line":193,"column":21},"end":{"line":193,"column":56}},"line":193},"17":{"name":"handleSend","decl":{"start":{"line":215,"column":15},"end":{"line":215,"column":25}},"loc":{"start":{"line":215,"column":28},"end":{"line":251,"column":1}},"line":215},"18":{"name":"handleCopy","decl":{"start":{"line":253,"column":15},"end":{"line":253,"column":25}},"loc":{"start":{"line":253,"column":28},"end":{"line":281,"column":1}},"line":253},"19":{"name":"(anonymous_19)","decl":{"start":{"line":275,"column":15},"end":{"line":275,"column":16}},"loc":{"start":{"line":275,"column":21},"end":{"line":277,"column":5}},"line":275},"20":{"name":"(anonymous_20)","decl":{"start":{"line":283,"column":36},"end":{"line":283,"column":37}},"loc":{"start":{"line":283,"column":42},"end":{"line":286,"column":1}},"line":283}},"branchMap":{"0":{"loc":{"start":{"line":2,"column":0},"end":{"line":13,"column":1}},"type":"if","locations":[{"start":{"line":2,"column":0},"end":{"line":13,"column":1}},{"start":{},"end":{}}],"line":2},"1":{"loc":{"start":{"line":2,"column":4},"end":{"line":2,"column":51}},"type":"binary-expr","locations":[{"start":{"line":2,"column":4},"end":{"line":2,"column":33}},{"start":{"line":2,"column":37},"end":{"line":2,"column":51}}],"line":2},"2":{"loc":{"start":{"line":27,"column":21},"end":{"line":27,"column":57}},"type":"binary-expr","locations":[{"start":{"line":27,"column":21},"end":{"line":27,"column":30}},{"start":{"line":27,"column":34},"end":{"line":27,"column":57}}],"line":27},"3":{"loc":{"start":{"line":32,"column":2},"end":{"line":37,"column":3}},"type":"if","locations":[{"start":{"line":32,"column":2},"end":{"line":37,"column":3}},{"start":{},"end":{}}],"line":32},"4":{"loc":{"start":{"line":67,"column":18},"end":{"line":67,"column":28}},"type":"binary-expr","locations":[{"start":{"line":67,"column":18},"end":{"line":67,"column":22}},{"start":{"line":67,"column":26},"end":{"line":67,"column":28}}],"line":67},"5":{"loc":{"start":{"line":75,"column":11},"end":{"line":75,"column":32}},"type":"binary-expr","locations":[{"start":{"line":75,"column":11},"end":{"line":75,"column":26}},{"start":{"line":75,"column":30},"end":{"line":75,"column":32}}],"line":75},"6":{"loc":{"start":{"line":76,"column":12},"end":{"line":76,"column":40}},"type":"binary-expr","locations":[{"start":{"line":76,"column":12},"end":{"line":76,"column":34}},{"start":{"line":76,"column":38},"end":{"line":76,"column":40}}],"line":76},"7":{"loc":{"start":{"line":77,"column":11},"end":{"line":77,"column":82}},"type":"cond-expr","locations":[{"start":{"line":77,"column":51},"end":{"line":77,"column":53}},{"start":{"line":77,"column":56},"end":{"line":77,"column":82}}],"line":77},"8":{"loc":{"start":{"line":77,"column":56},"end":{"line":77,"column":82}},"type":"binary-expr","locations":[{"start":{"line":77,"column":56},"end":{"line":77,"column":76}},{"start":{"line":77,"column":80},"end":{"line":77,"column":82}}],"line":77},"9":{"loc":{"start":{"line":89,"column":4},"end":{"line":91,"column":5}},"type":"if","locations":[{"start":{"line":89,"column":4},"end":{"line":91,"column":5}},{"start":{},"end":{}}],"line":89},"10":{"loc":{"start":{"line":94,"column":4},"end":{"line":96,"column":5}},"type":"if","locations":[{"start":{"line":94,"column":4},"end":{"line":96,"column":5}},{"start":{},"end":{}}],"line":94},"11":{"loc":{"start":{"line":98,"column":4},"end":{"line":102,"column":5}},"type":"if","locations":[{"start":{"line":98,"column":4},"end":{"line":102,"column":5}},{"start":{"line":100,"column":11},"end":{"line":102,"column":5}}],"line":98},"12":{"loc":{"start":{"line":98,"column":8},"end":{"line":98,"column":56}},"type":"binary-expr","locations":[{"start":{"line":98,"column":8},"end":{"line":98,"column":40}},{"start":{"line":98,"column":44},"end":{"line":98,"column":56}}],"line":98},"13":{"loc":{"start":{"line":104,"column":4},"end":{"line":108,"column":5}},"type":"if","locations":[{"start":{"line":104,"column":4},"end":{"line":108,"column":5}},{"start":{"line":106,"column":11},"end":{"line":108,"column":5}}],"line":104},"14":{"loc":{"start":{"line":104,"column":8},"end":{"line":104,"column":54}},"type":"binary-expr","locations":[{"start":{"line":104,"column":8},"end":{"line":104,"column":39}},{"start":{"line":104,"column":43},"end":{"line":104,"column":54}}],"line":104},"15":{"loc":{"start":{"line":131,"column":2},"end":{"line":133,"column":3}},"type":"if","locations":[{"start":{"line":131,"column":2},"end":{"line":133,"column":3}},{"start":{},"end":{}}],"line":131},"16":{"loc":{"start":{"line":165,"column":2},"end":{"line":167,"column":3}},"type":"if","locations":[{"start":{"line":165,"column":2},"end":{"line":167,"column":3}},{"start":{},"end":{}}],"line":165},"17":{"loc":{"start":{"line":184,"column":15},"end":{"line":184,"column":39}},"type":"binary-expr","locations":[{"start":{"line":184,"column":15},"end":{"line":184,"column":26}},{"start":{"line":184,"column":30},"end":{"line":184,"column":39}}],"line":184},"18":{"loc":{"start":{"line":185,"column":18},"end":{"line":185,"column":48}},"type":"binary-expr","locations":[{"start":{"line":185,"column":18},"end":{"line":185,"column":32}},{"start":{"line":185,"column":36},"end":{"line":185,"column":48}}],"line":185},"19":{"loc":{"start":{"line":186,"column":19},"end":{"line":186,"column":64}},"type":"cond-expr","locations":[{"start":{"line":186,"column":37},"end":{"line":186,"column":59}},{"start":{"line":186,"column":62},"end":{"line":186,"column":64}}],"line":186},"20":{"loc":{"start":{"line":191,"column":2},"end":{"line":200,"column":3}},"type":"if","locations":[{"start":{"line":191,"column":2},"end":{"line":200,"column":3}},{"start":{},"end":{}}],"line":191},"21":{"loc":{"start":{"line":191,"column":6},"end":{"line":191,"column":76}},"type":"binary-expr","locations":[{"start":{"line":191,"column":6},"end":{"line":191,"column":42}},{"start":{"line":191,"column":46},"end":{"line":191,"column":76}}],"line":191},"22":{"loc":{"start":{"line":193,"column":44},"end":{"line":193,"column":54}},"type":"binary-expr","locations":[{"start":{"line":193,"column":44},"end":{"line":193,"column":48}},{"start":{"line":193,"column":52},"end":{"line":193,"column":54}}],"line":193},"23":{"loc":{"start":{"line":197,"column":4},"end":{"line":199,"column":5}},"type":"if","locations":[{"start":{"line":197,"column":4},"end":{"line":199,"column":5}},{"start":{},"end":{}}],"line":197},"24":{"loc":{"start":{"line":202,"column":18},"end":{"line":202,"column":85}},"type":"cond-expr","locations":[{"start":{"line":202,"column":36},"end":{"line":202,"column":64}},{"start":{"line":202,"column":67},"end":{"line":202,"column":85}}],"line":202},"25":{"loc":{"start":{"line":203,"column":16},"end":{"line":203,"column":88}},"type":"cond-expr","locations":[{"start":{"line":203,"column":49},"end":{"line":203,"column":73}},{"start":{"line":203,"column":76},"end":{"line":203,"column":88}}],"line":203},"26":{"loc":{"start":{"line":204,"column":17},"end":{"line":204,"column":67}},"type":"cond-expr","locations":[{"start":{"line":204,"column":49},"end":{"line":204,"column":62}},{"start":{"line":204,"column":65},"end":{"line":204,"column":67}}],"line":204},"27":{"loc":{"start":{"line":206,"column":2},"end":{"line":208,"column":3}},"type":"if","locations":[{"start":{"line":206,"column":2},"end":{"line":208,"column":3}},{"start":{},"end":{}}],"line":206},"28":{"loc":{"start":{"line":217,"column":2},"end":{"line":220,"column":3}},"type":"if","locations":[{"start":{"line":217,"column":2},"end":{"line":220,"column":3}},{"start":{},"end":{}}],"line":217},"29":{"loc":{"start":{"line":239,"column":4},"end":{"line":241,"column":5}},"type":"if","locations":[{"start":{"line":239,"column":4},"end":{"line":241,"column":5}},{"start":{},"end":{}}],"line":239},"30":{"loc":{"start":{"line":247,"column":13},"end":{"line":247,"column":58}},"type":"binary-expr","locations":[{"start":{"line":247,"column":13},"end":{"line":247,"column":26}},{"start":{"line":247,"column":30},"end":{"line":247,"column":58}}],"line":247},"31":{"loc":{"start":{"line":255,"column":2},"end":{"line":257,"column":3}},"type":"if","locations":[{"start":{"line":255,"column":2},"end":{"line":257,"column":3}},{"start":{},"end":{}}],"line":255},"32":{"loc":{"start":{"line":260,"column":4},"end":{"line":272,"column":5}},"type":"if","locations":[{"start":{"line":260,"column":4},"end":{"line":272,"column":5}},{"start":{"line":270,"column":11},"end":{"line":272,"column":5}}],"line":260},"33":{"loc":{"start":{"line":260,"column":8},"end":{"line":260,"column":58}},"type":"binary-expr","locations":[{"start":{"line":260,"column":8},"end":{"line":260,"column":28}},{"start":{"line":260,"column":32},"end":{"line":260,"column":58}}],"line":260}},"s":{"0":7,"1":7,"2":7,"3":7,"4":7,"5":7,"6":7,"7":7,"8":7,"9":7,"10":7,"11":4,"12":4,"13":4,"14":10,"15":6,"16":6,"17":6,"18":6,"19":4,"20":4,"21":4,"22":7,"23":7,"24":7,"25":3,"26":3,"27":7,"28":7,"29":7,"30":7,"31":19,"32":19,"33":19,"34":7,"35":7,"36":7,"37":2,"38":5,"39":5,"40":5,"41":5,"42":2,"43":3,"44":5,"45":2,"46":3,"47":0,"48":0,"49":1,"50":1,"51":1,"52":1,"53":1,"54":1,"55":1,"56":1,"57":1,"58":3,"59":0,"60":3,"61":1,"62":1,"63":1,"64":1,"65":0,"66":1,"67":1,"68":0,"69":0,"70":0,"71":0,"72":1,"73":1,"74":1,"75":1,"76":1,"77":0,"78":0,"79":0,"80":0,"81":0,"82":0,"83":0,"84":3,"85":3,"86":1,"87":1,"88":2,"89":2,"90":2,"91":2,"92":2,"93":2,"94":1,"95":1,"96":1,"97":1,"98":1,"99":2,"100":1,"101":1,"102":0,"103":1,"104":1,"105":0,"106":0,"107":0,"108":0,"109":1,"110":1,"111":1,"112":0,"113":0,"114":7,"115":2,"116":2,"117":7,"118":7,"119":7,"120":7,"121":7,"122":7,"123":7},"f":{"0":4,"1":10,"2":7,"3":7,"4":3,"5":7,"6":19,"7":7,"8":1,"9":3,"10":1,"11":1,"12":1,"13":1,"14":0,"15":1,"16":1,"17":3,"18":1,"19":0,"20":2},"b":{"0":[7,0],"1":[7,7],"2":[4,2],"3":[6,4],"4":[7,4],"5":[19,8],"6":[19,12],"7":[9,10],"8":[10,6],"9":[2,5],"10":[5,0],"11":[2,3],"12":[5,5],"13":[2,3],"14":[5,5],"15":[0,3],"16":[0,1],"17":[0,0],"18":[0,0],"19":[0,0],"20":[1,0],"21":[1,1],"22":[1,0],"23":[1,0],"24":[0,0],"25":[0,0],"26":[0,0],"27":[0,0],"28":[1,2],"29":[1,1],"30":[1,0],"31":[0,1],"32":[0,1],"33":[1,0]},"_coverageSchema":"1a1c01bbd47fc00a2c39e90264f33305004495a9","hash":"348a12fda7e80721fed2d99f6b363caed279c5f4"}
,"/Users/stephanvanwoezik/repository/trapadulli/storyLint/clients/chromeExtention/popupUtils.js": {"path":"/Users/stephanvanwoezik/repository/trapadulli/storyLint/clients/chromeExtention/popupUtils.js","statementMap":{"0":{"start":{"line":4,"column":2},"end":{"line":9,"column":28}},"1":{"start":{"line":13,"column":18},"end":{"line":13,"column":34}},"2":{"start":{"line":14,"column":2},"end":{"line":23,"column":7}},"3":{"start":{"line":21,"column":27},"end":{"line":21,"column":96}},"4":{"start":{"line":22,"column":6},"end":{"line":22,"column":70}},"5":{"start":{"line":27,"column":2},"end":{"line":29,"column":3}},"6":{"start":{"line":28,"column":4},"end":{"line":28,"column":14}},"7":{"start":{"line":30,"column":2},"end":{"line":37,"column":12}},"8":{"start":{"line":41,"column":2},"end":{"line":48,"column":12}},"9":{"start":{"line":46,"column":19},"end":{"line":46,"column":44}},"10":{"start":{"line":52,"column":2},"end":{"line":56,"column":37}},"11":{"start":{"line":60,"column":2},"end":{"line":62,"column":3}},"12":{"start":{"line":61,"column":4},"end":{"line":61,"column":14}},"13":{"start":{"line":63,"column":16},"end":{"line":63,"column":66}},"14":{"start":{"line":64,"column":2},"end":{"line":73,"column":12}},"15":{"start":{"line":75,"column":2},"end":{"line":75,"column":45}},"16":{"start":{"line":76,"column":2},"end":{"line":76,"column":17}},"17":{"start":{"line":80,"column":15},"end":{"line":80,"column":39}},"18":{"start":{"line":81,"column":18},"end":{"line":81,"column":48}},"19":{"start":{"line":82,"column":19},"end":{"line":82,"column":64}},"20":{"start":{"line":83,"column":2},"end":{"line":83,"column":58}},"21":{"start":{"line":87,"column":2},"end":{"line":95,"column":3}},"22":{"start":{"line":88,"column":25},"end":{"line":91,"column":19}},"23":{"start":{"line":89,"column":21},"end":{"line":89,"column":56}},"24":{"start":{"line":92,"column":4},"end":{"line":94,"column":5}},"25":{"start":{"line":93,"column":6},"end":{"line":93,"column":26}},"26":{"start":{"line":96,"column":18},"end":{"line":96,"column":85}},"27":{"start":{"line":97,"column":16},"end":{"line":97,"column":88}},"28":{"start":{"line":98,"column":17},"end":{"line":98,"column":67}},"29":{"start":{"line":99,"column":2},"end":{"line":101,"column":3}},"30":{"start":{"line":100,"column":4},"end":{"line":100,"column":65}},"31":{"start":{"line":102,"column":21},"end":{"line":102,"column":55}},"32":{"start":{"line":103,"column":2},"end":{"line":103,"column":58}},"33":{"start":{"line":106,"column":0},"end":{"line":115,"column":2}}},"fnMap":{"0":{"name":"escapeHtml","decl":{"start":{"line":3,"column":9},"end":{"line":3,"column":19}},"loc":{"start":{"line":3,"column":26},"end":{"line":10,"column":1}},"line":3},"1":{"name":"renderInlineBold","decl":{"start":{"line":12,"column":9},"end":{"line":12,"column":25}},"loc":{"start":{"line":12,"column":32},"end":{"line":24,"column":1}},"line":12},"2":{"name":"(anonymous_2)","decl":{"start":{"line":20,"column":48},"end":{"line":20,"column":49}},"loc":{"start":{"line":20,"column":87},"end":{"line":23,"column":5}},"line":20},"3":{"name":"sanitizeInput","decl":{"start":{"line":26,"column":9},"end":{"line":26,"column":22}},"loc":{"start":{"line":26,"column":32},"end":{"line":38,"column":1}},"line":26},"4":{"name":"normalizeWhitespace","decl":{"start":{"line":40,"column":9},"end":{"line":40,"column":28}},"loc":{"start":{"line":40,"column":35},"end":{"line":49,"column":1}},"line":40},"5":{"name":"(anonymous_5)","decl":{"start":{"line":46,"column":9},"end":{"line":46,"column":10}},"loc":{"start":{"line":46,"column":19},"end":{"line":46,"column":44}},"line":46},"6":{"name":"stripFormattingChars","decl":{"start":{"line":51,"column":9},"end":{"line":51,"column":29}},"loc":{"start":{"line":51,"column":36},"end":{"line":57,"column":1}},"line":51},"7":{"name":"beautifyGwtText","decl":{"start":{"line":59,"column":9},"end":{"line":59,"column":24}},"loc":{"start":{"line":59,"column":34},"end":{"line":77,"column":1}},"line":59},"8":{"name":"formatIssue","decl":{"start":{"line":79,"column":9},"end":{"line":79,"column":20}},"loc":{"start":{"line":79,"column":35},"end":{"line":84,"column":1}},"line":79},"9":{"name":"formatResponse","decl":{"start":{"line":86,"column":9},"end":{"line":86,"column":23}},"loc":{"start":{"line":86,"column":32},"end":{"line":104,"column":1}},"line":86},"10":{"name":"(anonymous_10)","decl":{"start":{"line":89,"column":11},"end":{"line":89,"column":12}},"loc":{"start":{"line":89,"column":21},"end":{"line":89,"column":56}},"line":89}},"branchMap":{"0":{"loc":{"start":{"line":27,"column":2},"end":{"line":29,"column":3}},"type":"if","locations":[{"start":{"line":27,"column":2},"end":{"line":29,"column":3}},{"start":{},"end":{}}],"line":27},"1":{"loc":{"start":{"line":60,"column":2},"end":{"line":62,"column":3}},"type":"if","locations":[{"start":{"line":60,"column":2},"end":{"line":62,"column":3}},{"start":{},"end":{}}],"line":60},"2":{"loc":{"start":{"line":80,"column":15},"end":{"line":80,"column":39}},"type":"binary-expr","locations":[{"start":{"line":80,"column":15},"end":{"line":80,"column":26}},{"start":{"line":80,"column":30},"end":{"line":80,"column":39}}],"line":80},"3":{"loc":{"start":{"line":81,"column":18},"end":{"line":81,"column":48}},"type":"binary-expr","locations":[{"start":{"line":81,"column":18},"end":{"line":81,"column":32}},{"start":{"line":81,"column":36},"end":{"line":81,"column":48}}],"line":81},"4":{"loc":{"start":{"line":82,"column":19},"end":{"line":82,"column":64}},"type":"cond-expr","locations":[{"start":{"line":82,"column":37},"end":{"line":82,"column":59}},{"start":{"line":82,"column":62},"end":{"line":82,"column":64}}],"line":82},"5":{"loc":{"start":{"line":87,"column":2},"end":{"line":95,"column":3}},"type":"if","locations":[{"start":{"line":87,"column":2},"end":{"line":95,"column":3}},{"start":{},"end":{}}],"line":87},"6":{"loc":{"start":{"line":87,"column":6},"end":{"line":87,"column":76}},"type":"binary-expr","locations":[{"start":{"line":87,"column":6},"end":{"line":87,"column":42}},{"start":{"line":87,"column":46},"end":{"line":87,"column":76}}],"line":87},"7":{"loc":{"start":{"line":89,"column":44},"end":{"line":89,"column":54}},"type":"binary-expr","locations":[{"start":{"line":89,"column":44},"end":{"line":89,"column":48}},{"start":{"line":89,"column":52},"end":{"line":89,"column":54}}],"line":89},"8":{"loc":{"start":{"line":92,"column":4},"end":{"line":94,"column":5}},"type":"if","locations":[{"start":{"line":92,"column":4},"end":{"line":94,"column":5}},{"start":{},"end":{}}],"line":92},"9":{"loc":{"start":{"line":96,"column":18},"end":{"line":96,"column":85}},"type":"cond-expr","locations":[{"start":{"line":96,"column":36},"end":{"line":96,"column":64}},{"start":{"line":96,"column":67},"end":{"line":96,"column":85}}],"line":96},"10":{"loc":{"start":{"line":97,"column":16},"end":{"line":97,"column":88}},"type":"cond-expr","locations":[{"start":{"line":97,"column":49},"end":{"line":97,"column":73}},{"start":{"line":97,"column":76},"end":{"line":97,"column":88}}],"line":97},"11":{"loc":{"start":{"line":98,"column":17},"end":{"line":98,"column":67}},"type":"cond-expr","locations":[{"start":{"line":98,"column":49},"end":{"line":98,"column":62}},{"start":{"line":98,"column":65},"end":{"line":98,"column":67}}],"line":98},"12":{"loc":{"start":{"line":99,"column":2},"end":{"line":101,"column":3}},"type":"if","locations":[{"start":{"line":99,"column":2},"end":{"line":101,"column":3}},{"start":{},"end":{}}],"line":99}},"s":{"0":3,"1":2,"2":2,"3":0,"4":0,"5":1,"6":0,"7":1,"8":5,"9":7,"10":5,"11":4,"12":0,"13":4,"14":4,"15":4,"16":4,"17":4,"18":4,"19":4,"20":4,"21":4,"22":1,"23":1,"24":1,"25":1,"26":3,"27":3,"28":3,"29":3,"30":0,"31":3,"32":3,"33":1},"f":{"0":3,"1":2,"2":0,"3":1,"4":5,"5":7,"6":5,"7":4,"8":4,"9":4,"10":1},"b":{"0":[0,1],"1":[0,4],"2":[4,0],"3":[4,0],"4":[1,3],"5":[1,3],"6":[4,1],"7":[1,0],"8":[1,0],"9":[3,0],"10":[3,0],"11":[3,0],"12":[0,3]},"_coverageSchema":"1a1c01bbd47fc00a2c39e90264f33305004495a9","hash":"aed7d3d978248d4901aa41d185e7744aa163a2cd"}
}
