TN:
SF:background.js
FN:1,(anonymous_0)
FNF:1
FNH:1
FNDA:1,(anonymous_0)
DA:1,2
LF:1
LH:1
BRF:0
BRH:0
end_of_record
TN:
SF:popup.js
FN:25,setLoading
FN:31,setError
FN:43,escapeHtml
FN:52,renderInlineBold
FN:60,(anonymous_4)
FN:66,setOutput
FN:73,persistState
FN:86,restoreState
FN:115,clearAll
FN:130,sanitizeInput
FN:145,normalizeWhitespace
FN:151,(anonymous_11)
FN:156,stripFormattingChars
FN:164,beautifyGwtText
FN:183,formatIssue
FN:190,formatResponse
FN:193,(anonymous_16)
FN:215,handleSend
FN:253,handleCopy
FN:275,(anonymous_19)
FN:283,(anonymous_20)
FNF:21
FNH:19
FNDA:4,setLoading
FNDA:10,setError
FNDA:7,escapeHtml
FNDA:7,renderInlineBold
FNDA:3,(anonymous_4)
FNDA:7,setOutput
FNDA:19,persistState
FNDA:7,restoreState
FNDA:1,clearAll
FNDA:3,sanitizeInput
FNDA:1,normalizeWhitespace
FNDA:1,(anonymous_11)
FNDA:1,stripFormattingChars
FNDA:1,beautifyGwtText
FNDA:0,formatIssue
FNDA:1,formatResponse
FNDA:1,(anonymous_16)
FNDA:3,handleSend
FNDA:1,handleCopy
FNDA:0,(anonymous_19)
FNDA:2,(anonymous_20)
DA:2,7
DA:3,7
DA:14,7
DA:15,7
DA:17,7
DA:18,7
DA:19,7
DA:20,7
DA:21,7
DA:22,7
DA:23,7
DA:26,4
DA:27,4
DA:28,4
DA:32,10
DA:33,6
DA:34,6
DA:35,6
DA:36,6
DA:38,4
DA:39,4
DA:40,4
DA:44,7
DA:53,7
DA:54,7
DA:61,3
DA:62,3
DA:67,7
DA:68,7
DA:69,7
DA:70,7
DA:74,19
DA:80,19
DA:81,19
DA:87,7
DA:88,7
DA:89,7
DA:90,2
DA:93,5
DA:94,5
DA:95,5
DA:98,5
DA:99,2
DA:101,3
DA:104,5
DA:105,2
DA:107,3
DA:110,0
DA:111,0
DA:116,1
DA:117,1
DA:118,1
DA:119,1
DA:120,1
DA:121,1
DA:122,1
DA:124,1
DA:125,1
DA:131,3
DA:132,0
DA:135,3
DA:146,1
DA:151,1
DA:157,1
DA:165,1
DA:166,0
DA:169,1
DA:171,1
DA:184,0
DA:185,0
DA:186,0
DA:187,0
DA:191,1
DA:192,1
DA:193,1
DA:197,1
DA:198,1
DA:202,0
DA:203,0
DA:204,0
DA:206,0
DA:207,0
DA:210,0
DA:212,0
DA:216,3
DA:217,3
DA:218,1
DA:219,1
DA:222,2
DA:224,2
DA:225,2
DA:227,2
DA:228,2
DA:239,2
DA:240,1
DA:243,1
DA:244,1
DA:245,1
DA:247,1
DA:249,2
DA:254,1
DA:255,1
DA:256,0
DA:259,1
DA:260,1
DA:261,0
DA:262,0
DA:264,0
DA:269,0
DA:271,1
DA:274,1
DA:275,1
DA:276,0
DA:279,0
DA:283,7
DA:284,2
DA:285,2
DA:288,7
DA:289,7
DA:290,7
DA:292,7
DA:293,7
DA:294,7
DA:295,7
LF:124
LH:102
BRDA:2,0,0,7
BRDA:2,0,1,0
BRDA:2,1,0,7
BRDA:2,1,1,7
BRDA:27,2,0,4
BRDA:27,2,1,2
BRDA:32,3,0,6
BRDA:32,3,1,4
BRDA:67,4,0,7
BRDA:67,4,1,4
BRDA:75,5,0,19
BRDA:75,5,1,8
BRDA:76,6,0,19
BRDA:76,6,1,12
BRDA:77,7,0,9
BRDA:77,7,1,10
BRDA:77,8,0,10
BRDA:77,8,1,6
BRDA:89,9,0,2
BRDA:89,9,1,5
BRDA:94,10,0,5
BRDA:94,10,1,0
BRDA:98,11,0,2
BRDA:98,11,1,3
BRDA:98,12,0,5
BRDA:98,12,1,5
BRDA:104,13,0,2
BRDA:104,13,1,3
BRDA:104,14,0,5
BRDA:104,14,1,5
BRDA:131,15,0,0
BRDA:131,15,1,3
BRDA:165,16,0,0
BRDA:165,16,1,1
BRDA:184,17,0,0
BRDA:184,17,1,0
BRDA:185,18,0,0
BRDA:185,18,1,0
BRDA:186,19,0,0
BRDA:186,19,1,0
BRDA:191,20,0,1
BRDA:191,20,1,0
BRDA:191,21,0,1
BRDA:191,21,1,1
BRDA:193,22,0,1
BRDA:193,22,1,0
BRDA:197,23,0,1
BRDA:197,23,1,0
BRDA:202,24,0,0
BRDA:202,24,1,0
BRDA:203,25,0,0
BRDA:203,25,1,0
BRDA:204,26,0,0
BRDA:204,26,1,0
BRDA:206,27,0,0
BRDA:206,27,1,0
BRDA:217,28,0,1
BRDA:217,28,1,2
BRDA:239,29,0,1
BRDA:239,29,1,1
BRDA:247,30,0,1
BRDA:247,30,1,0
BRDA:255,31,0,0
BRDA:255,31,1,1
BRDA:260,32,0,0
BRDA:260,32,1,1
BRDA:260,33,0,1
BRDA:260,33,1,0
BRF:68
BRH:43
end_of_record
TN:
SF:popupUtils.js
FN:3,escapeHtml
FN:12,renderInlineBold
FN:20,(anonymous_2)
FN:26,sanitizeInput
FN:40,normalizeWhitespace
FN:46,(anonymous_5)
FN:51,stripFormattingChars
FN:59,beautifyGwtText
FN:79,formatIssue
FN:86,formatResponse
FN:89,(anonymous_10)
FNF:11
FNH:10
FNDA:3,escapeHtml
FNDA:2,renderInlineBold
FNDA:0,(anonymous_2)
FNDA:1,sanitizeInput
FNDA:5,normalizeWhitespace
FNDA:7,(anonymous_5)
FNDA:5,stripFormattingChars
FNDA:4,beautifyGwtText
FNDA:4,formatIssue
FNDA:4,formatResponse
FNDA:1,(anonymous_10)
DA:4,3
DA:13,2
DA:14,2
DA:21,0
DA:22,0
DA:27,1
DA:28,0
DA:30,1
DA:41,5
DA:46,7
DA:52,5
DA:60,4
DA:61,0
DA:63,4
DA:64,4
DA:75,4
DA:76,4
DA:80,4
DA:81,4
DA:82,4
DA:83,4
DA:87,4
DA:88,1
DA:89,1
DA:92,1
DA:93,1
DA:96,3
DA:97,3
DA:98,3
DA:99,3
DA:100,0
DA:102,3
DA:103,3
DA:106,1
LF:34
LH:29
BRDA:27,0,0,0
BRDA:27,0,1,1
BRDA:60,1,0,0
BRDA:60,1,1,4
BRDA:80,2,0,4
BRDA:80,2,1,0
BRDA:81,3,0,4
BRDA:81,3,1,0
BRDA:82,4,0,1
BRDA:82,4,1,3
BRDA:87,5,0,1
BRDA:87,5,1,3
BRDA:87,6,0,4
BRDA:87,6,1,1
BRDA:89,7,0,1
BRDA:89,7,1,0
BRDA:92,8,0,1
BRDA:92,8,1,0
BRDA:96,9,0,3
BRDA:96,9,1,0
BRDA:97,10,0,3
BRDA:97,10,1,0
BRDA:98,11,0,3
BRDA:98,11,1,0
BRDA:99,12,0,0
BRDA:99,12,1,3
BRF:26
BRH:16
end_of_record
